2023-04-09 16:49:48,780 | DEBUG | Failled to add user with id: 1 to user collection in firebase error : 'DocumentSnapshot' object is not subscriptable
2023-04-09 17:19:21,168 | DEBUG | Failled to add user with id: 1 to user collection in firebase error : 'DocumentSnapshot' object is not subscriptable
2023-04-09 17:28:53,269 | DEBUG | Adding post with id: 1 to post collection in firebase with document id: 1
2023-04-09 20:19:28,148 | DEBUG | Adding post with id: 2 to post collection in firebase with document id: 2
2023-04-10 20:31:04,649 | DEBUG | Adding post with id: 25 to post collection in firebase with document id: 25
2023-04-10 20:32:46,823 | DEBUG | Adding post with id: 26 to post collection in firebase with document id: 26
2023-04-10 20:33:00,924 | DEBUG | Adding post with id: 27 to post collection in firebase with document id: 27
2023-04-10 20:45:01,623 | DEBUG | Adding post with id: 28 to post collection in firebase with document id: 28
2023-04-10 20:53:52,952 | DEBUG | Adding post with id: 29 to post collection in firebase with document id: 29
2023-04-10 20:54:32,154 | DEBUG | Adding post with id: 30 to post collection in firebase with document id: 30
2023-04-10 20:55:09,102 | DEBUG | Adding post with id: 31 to post collection in firebase with document id: 31
2023-04-10 20:55:33,864 | DEBUG | Adding post with id: 32 to post collection in firebase with document id: 32
2023-04-10 20:57:38,769 | DEBUG | Adding post with id: 33 to post collection in firebase with document id: 33
2023-04-10 20:59:24,856 | DEBUG | Adding post with id: 34 to post collection in firebase with document id: 34
2023-04-10 21:02:29,703 | DEBUG | Adding post with id: 35 to post collection in firebase with document id: 35
2023-04-10 21:04:25,896 | DEBUG | Adding post with id: 36 to post collection in firebase with document id: 36
2023-04-10 21:04:50,915 | DEBUG | Adding post with id: 37 to post collection in firebase with document id: 37
2023-04-10 21:09:28,752 | DEBUG | Adding post with id: 38 to post collection in firebase with document id: 38
2023-04-10 21:10:55,545 | DEBUG | Adding post with id: 39 to post collection in firebase with document id: 39
2023-04-10 21:11:37,187 | DEBUG | Adding post with id: 40 to post collection in firebase with document id: 40
2023-04-10 22:21:40,935 | DEBUG | Failled to add user with id: 27 to user collection in firebase error : 'DocumentSnapshot' object is not subscriptable
2023-04-10 22:21:40,991 | DEBUG | sending new user to group and vote micro-services with id: 27
2023-04-10 22:23:37,943 | DEBUG | Failled to add user with id: 27 to user collection in firebase error : 'DocumentSnapshot' object is not subscriptable
2023-04-10 22:23:37,951 | DEBUG | sending new user to group and vote micro-services with id: 27
2023-04-10 22:25:15,883 | DEBUG | Failled to add user with id: 27 to user collection in firebase error : 'DocumentSnapshot' object is not subscriptable
2023-04-10 22:25:15,897 | DEBUG | sending new user to group and vote micro-services with id: 27
2023-04-10 22:26:04,833 | DEBUG | Failled to add user with id: 27 to user collection in firebase error : 'DocumentSnapshot' object is not subscriptable
2023-04-10 22:26:04,867 | DEBUG | sending new user to group and vote micro-services with id: 27
2023-04-10 22:26:45,332 | DEBUG | Failled to add user with id: 27 to user collection in firebase error : 'DocumentSnapshot' object is not subscriptable
2023-04-10 22:26:45,346 | DEBUG | sending new user to group and vote micro-services with id: 27
2023-04-10 22:28:21,630 | DEBUG | Failled to add user with id: 27 to user collection in firebase error : 'DocumentSnapshot' object is not subscriptable
2023-04-10 22:28:21,649 | DEBUG | sending new user to group and vote micro-services with id: 27
2023-04-10 22:32:07,074 | DEBUG | Adding post with id: 41 to post collection in firebase with document id: 41
2023-04-10 22:32:07,085 | DEBUG | sending new post to vote and recomendation micro-services with id: 41
2023-04-10 22:34:26,449 | DEBUG | Adding post with id: 42 to post collection in firebase with document id: 42
2023-04-10 22:34:26,461 | DEBUG | sending new post to vote and recomendation micro-services with id: 42
2023-04-11 22:07:29,239 | DEBUG | Adding post with id: 43 to post collection in firebase with document id: 43
2023-04-11 22:07:29,269 | DEBUG | sending new post to vote and recomendation micro-services with id: 43
2023-04-12 23:59:01,457 | DEBUG | Adding post with id: 1 to post collection in firebase with document id: 1
2023-04-12 23:59:01,511 | DEBUG | sending new post to vote and recomendation micro-services with id: 1
2023-04-12 23:59:03,817 | DEBUG | Adding post with id: 1 to post collection in firebase with document id: 1
2023-04-12 23:59:03,832 | DEBUG | sending new post to vote and recomendation micro-services with id: 1
2023-04-12 23:59:06,113 | DEBUG | Adding post with id: 1 to post collection in firebase with document id: 1
2023-04-12 23:59:06,127 | DEBUG | sending new post to vote and recomendation micro-services with id: 1
2023-04-13 00:02:20,844 | DEBUG | Adding post with id: 1 to post collection in firebase with document id: 1
2023-04-13 00:02:20,860 | DEBUG | sending new post to vote and recomendation micro-services with id: 1
2023-04-13 00:02:23,195 | DEBUG | Adding post with id: 1 to post collection in firebase with document id: 1
2023-04-13 00:02:23,195 | DEBUG | sending new post to vote and recomendation micro-services with id: 1
2023-04-13 00:02:58,750 | DEBUG | Adding post with id: 1 to post collection in firebase with document id: 1
2023-04-13 00:02:58,781 | DEBUG | sending new post to vote and recomendation micro-services with id: 1
2023-04-13 00:03:01,112 | DEBUG | Adding post with id: 1 to post collection in firebase with document id: 1
2023-04-13 00:03:01,123 | DEBUG | sending new post to vote and recomendation micro-services with id: 1
2023-04-13 00:03:03,403 | DEBUG | Adding post with id: 1 to post collection in firebase with document id: 1
2023-04-13 00:03:03,425 | DEBUG | sending new post to vote and recomendation micro-services with id: 1
2023-04-13 00:03:05,708 | DEBUG | Adding post with id: 3 to post collection in firebase with document id: 3
2023-04-13 00:03:05,723 | DEBUG | sending new post to vote and recomendation micro-services with id: 3
2023-04-13 00:04:23,221 | DEBUG | Adding post with id: 1 to post collection in firebase with document id: 1
2023-04-13 00:04:23,236 | DEBUG | sending new post to vote and recomendation micro-services with id: 1
2023-04-13 00:13:20,236 | DEBUG | Adding post with id: 1 to post collection in firebase with document id: 1
2023-04-13 00:13:20,247 | DEBUG | sending new post to vote and recomendation micro-services with id: 1
2023-04-13 00:14:00,785 | DEBUG | Adding post with id: 1 to post collection in firebase with document id: 1
2023-04-13 00:14:00,796 | DEBUG | sending new post to vote and recomendation micro-services with id: 1
2023-04-13 00:15:37,596 | DEBUG | Adding post with id: 1 to post collection in firebase with document id: 1
2023-04-13 00:15:37,606 | DEBUG | sending new post to vote and recomendation micro-services with id: 1
2023-04-13 00:16:52,493 | DEBUG | Adding post with id: 1 to post collection in firebase with document id: 1
2023-04-13 00:16:52,523 | DEBUG | sending new post to vote and recomendation micro-services with id: 1
2023-04-13 00:16:54,825 | DEBUG | Adding post with id: 1 to post collection in firebase with document id: 1
2023-04-13 00:16:54,840 | DEBUG | sending new post to vote and recomendation micro-services with id: 1
2023-04-13 00:16:57,055 | DEBUG | Adding post with id: 1 to post collection in firebase with document id: 1
2023-04-13 00:16:57,074 | DEBUG | sending new post to vote and recomendation micro-services with id: 1
2023-04-13 00:16:59,370 | DEBUG | Adding post with id: 1 to post collection in firebase with document id: 1
2023-04-13 00:16:59,378 | DEBUG | sending new post to vote and recomendation micro-services with id: 1
2023-04-13 00:18:17,157 | DEBUG | Adding post with id: 1 to post collection in firebase with document id: 1
2023-04-13 00:18:17,173 | DEBUG | sending new post to vote and recomendation micro-services with id: 1
2023-04-13 00:18:19,471 | DEBUG | Adding post with id: 1 to post collection in firebase with document id: 1
2023-04-13 00:18:19,477 | DEBUG | sending new post to vote and recomendation micro-services with id: 1
2023-04-13 00:18:22,453 | DEBUG | Adding post with id: 1 to post collection in firebase with document id: 1
2023-04-13 00:18:22,469 | DEBUG | sending new post to vote and recomendation micro-services with id: 1
2023-04-13 00:18:25,228 | DEBUG | Adding post with id: 1 to post collection in firebase with document id: 1
2023-04-13 00:18:25,228 | DEBUG | sending new post to vote and recomendation micro-services with id: 1
2023-04-13 00:19:05,658 | DEBUG | Adding post with id: 1 to post collection in firebase with document id: 1
2023-04-13 00:19:05,674 | DEBUG | sending new post to vote and recomendation micro-services with id: 1
2023-04-13 00:19:07,899 | DEBUG | Adding post with id: 1 to post collection in firebase with document id: 1
2023-04-13 00:19:07,915 | DEBUG | sending new post to vote and recomendation micro-services with id: 1
2023-04-13 00:19:10,241 | DEBUG | Adding post with id: 1 to post collection in firebase with document id: 1
2023-04-13 00:19:10,257 | DEBUG | sending new post to vote and recomendation micro-services with id: 1
2023-04-13 00:19:12,722 | DEBUG | Adding post with id: 1 to post collection in firebase with document id: 1
2023-04-13 00:19:12,738 | DEBUG | sending new post to vote and recomendation micro-services with id: 1
2023-04-13 00:19:15,063 | DEBUG | Adding post with id: 3 to post collection in firebase with document id: 3
2023-04-13 00:19:15,116 | DEBUG | sending new post to vote and recomendation micro-services with id: 3
2023-04-13 00:20:13,381 | DEBUG | Adding post with id: 1 to post collection in firebase with document id: 1
2023-04-13 00:20:13,381 | DEBUG | sending new post to vote and recomendation micro-services with id: 1
2023-04-13 00:20:15,684 | DEBUG | Adding post with id: 1 to post collection in firebase with document id: 1
2023-04-13 00:20:15,699 | DEBUG | sending new post to vote and recomendation micro-services with id: 1
2023-04-13 00:20:18,032 | DEBUG | Adding post with id: 1 to post collection in firebase with document id: 1
2023-04-13 00:20:18,047 | DEBUG | sending new post to vote and recomendation micro-services with id: 1
2023-04-13 00:20:20,358 | DEBUG | Adding post with id: 1 to post collection in firebase with document id: 1
2023-04-13 00:20:20,368 | DEBUG | sending new post to vote and recomendation micro-services with id: 1
2023-04-13 00:21:28,914 | DEBUG | Adding post with id: 1 to post collection in firebase with document id: 1
2023-04-13 00:21:28,929 | DEBUG | sending new post to vote and recomendation micro-services with id: 1
2023-04-13 00:21:31,253 | DEBUG | Adding post with id: 1 to post collection in firebase with document id: 1
2023-04-13 00:21:31,268 | DEBUG | sending new post to vote and recomendation micro-services with id: 1
2023-04-13 00:21:33,508 | DEBUG | Adding post with id: 1 to post collection in firebase with document id: 1
2023-04-13 00:21:33,524 | DEBUG | sending new post to vote and recomendation micro-services with id: 1
2023-04-13 00:21:35,907 | DEBUG | Adding post with id: 1 to post collection in firebase with document id: 1
2023-04-13 00:21:35,930 | DEBUG | sending new post to vote and recomendation micro-services with id: 1
2023-04-13 00:24:19,713 | DEBUG | Adding post with id: 1 to post collection in firebase with document id: 1
2023-04-13 00:24:19,729 | DEBUG | sending new post to vote and recomendation micro-services with id: 1
2023-04-13 00:24:22,009 | DEBUG | Adding post with id: 1 to post collection in firebase with document id: 1
2023-04-13 00:24:22,025 | DEBUG | sending new post to vote and recomendation micro-services with id: 1
2023-04-13 00:24:24,284 | DEBUG | Adding post with id: 1 to post collection in firebase with document id: 1
2023-04-13 00:24:24,299 | DEBUG | sending new post to vote and recomendation micro-services with id: 1
2023-04-13 00:24:26,688 | DEBUG | Adding post with id: 1 to post collection in firebase with document id: 1
2023-04-13 00:24:26,735 | DEBUG | sending new post to vote and recomendation micro-services with id: 1
2023-04-13 00:25:34,757 | DEBUG | Adding post with id: 1 to post collection in firebase with document id: 1
2023-04-13 00:25:34,772 | DEBUG | sending new post to vote and recomendation micro-services with id: 1
2023-04-13 00:25:37,112 | DEBUG | Adding post with id: 1 to post collection in firebase with document id: 1
2023-04-13 00:25:37,144 | DEBUG | sending new post to vote and recomendation micro-services with id: 1
2023-04-13 00:25:39,408 | DEBUG | Adding post with id: 1 to post collection in firebase with document id: 1
2023-04-13 00:25:39,423 | DEBUG | sending new post to vote and recomendation micro-services with id: 1
2023-04-13 00:25:41,928 | DEBUG | Adding post with id: 1 to post collection in firebase with document id: 1
2023-04-13 00:25:41,953 | DEBUG | sending new post to vote and recomendation micro-services with id: 1
2023-04-13 00:26:47,397 | DEBUG | Adding post with id: 1 to post collection in firebase with document id: 1
2023-04-13 00:26:47,412 | DEBUG | sending new post to vote and recomendation micro-services with id: 1
2023-04-13 00:26:49,676 | DEBUG | Adding post with id: 1 to post collection in firebase with document id: 1
2023-04-13 00:26:49,676 | DEBUG | sending new post to vote and recomendation micro-services with id: 1
2023-04-13 00:26:51,918 | DEBUG | Adding post with id: 1 to post collection in firebase with document id: 1
2023-04-13 00:26:51,932 | DEBUG | sending new post to vote and recomendation micro-services with id: 1
2023-04-13 00:26:54,288 | DEBUG | Adding post with id: 1 to post collection in firebase with document id: 1
2023-04-13 00:26:54,296 | DEBUG | sending new post to vote and recomendation micro-services with id: 1
2023-04-13 00:32:31,607 | DEBUG | Adding post with id: 1 to post collection in firebase with document id: 1
2023-04-13 00:32:31,615 | DEBUG | sending new post to vote and recomendation micro-services with id: 1
2023-04-13 00:32:34,134 | DEBUG | Adding post with id: 1 to post collection in firebase with document id: 1
2023-04-13 00:32:34,134 | DEBUG | sending new post to vote and recomendation micro-services with id: 1
2023-04-13 00:32:36,453 | DEBUG | Adding post with id: 1 to post collection in firebase with document id: 1
2023-04-13 00:32:36,468 | DEBUG | sending new post to vote and recomendation micro-services with id: 1
2023-04-13 00:32:38,803 | DEBUG | Adding post with id: 1 to post collection in firebase with document id: 1
2023-04-13 00:32:38,803 | DEBUG | sending new post to vote and recomendation micro-services with id: 1
2023-04-13 21:38:52,147 | DEBUG | Adding post with id: 1 to post collection in firebase with document id: 1
2023-04-13 21:38:52,173 | DEBUG | sending new post to vote and recomendation micro-services with id: 1
2023-04-13 21:38:54,459 | DEBUG | Adding post with id: 1 to post collection in firebase with document id: 1
2023-04-13 21:38:54,464 | DEBUG | sending new post to vote and recomendation micro-services with id: 1
2023-04-13 21:38:56,757 | DEBUG | Adding post with id: 1 to post collection in firebase with document id: 1
2023-04-13 21:38:56,772 | DEBUG | sending new post to vote and recomendation micro-services with id: 1
2023-04-13 21:38:59,104 | DEBUG | Adding post with id: 1 to post collection in firebase with document id: 1
2023-04-13 21:38:59,173 | DEBUG | sending new post to vote and recomendation micro-services with id: 1
2023-04-13 21:40:29,671 | DEBUG | Adding post with id: 1 to post collection in firebase with document id: 1
2023-04-13 21:40:29,682 | DEBUG | sending new post to vote and recomendation micro-services with id: 1
2023-04-13 21:40:32,479 | DEBUG | Adding post with id: 1 to post collection in firebase with document id: 1
2023-04-13 21:40:32,500 | DEBUG | sending new post to vote and recomendation micro-services with id: 1
2023-04-13 21:40:35,412 | DEBUG | Adding post with id: 1 to post collection in firebase with document id: 1
2023-04-13 21:40:35,419 | DEBUG | sending new post to vote and recomendation micro-services with id: 1
2023-04-13 21:40:37,792 | DEBUG | Adding post with id: 1 to post collection in firebase with document id: 1
2023-04-13 21:40:37,832 | DEBUG | sending new post to vote and recomendation micro-services with id: 1
2023-04-13 21:42:45,203 | DEBUG | Adding post with id: 1 to post collection in firebase with document id: 1
2023-04-13 21:42:45,213 | DEBUG | sending new post to vote and recomendation micro-services with id: 1
2023-04-13 21:42:47,544 | DEBUG | Adding post with id: 1 to post collection in firebase with document id: 1
2023-04-13 21:42:47,554 | DEBUG | sending new post to vote and recomendation micro-services with id: 1
2023-04-13 21:42:49,899 | DEBUG | Adding post with id: 1 to post collection in firebase with document id: 1
2023-04-13 21:42:49,909 | DEBUG | sending new post to vote and recomendation micro-services with id: 1
2023-04-13 21:42:52,901 | DEBUG | Adding post with id: 1 to post collection in firebase with document id: 1
2023-04-13 21:42:52,946 | DEBUG | sending new post to vote and recomendation micro-services with id: 1
2023-04-13 21:45:17,735 | DEBUG | Adding post with id: 1 to post collection in firebase with document id: 1
2023-04-13 21:45:17,745 | DEBUG | sending new post to vote and recomendation micro-services with id: 1
2023-04-13 21:45:20,933 | DEBUG | Adding post with id: 1 to post collection in firebase with document id: 1
2023-04-13 21:45:20,943 | DEBUG | sending new post to vote and recomendation micro-services with id: 1
2023-04-13 21:45:25,055 | DEBUG | Adding post with id: 1 to post collection in firebase with document id: 1
2023-04-13 21:45:25,110 | DEBUG | sending new post to vote and recomendation micro-services with id: 1
2023-04-13 21:45:29,297 | DEBUG | Adding post with id: 1 to post collection in firebase with document id: 1
2023-04-13 21:45:29,307 | DEBUG | sending new post to vote and recomendation micro-services with id: 1
2023-04-13 21:54:18,889 | DEBUG | Adding post with id: 1 to post collection in firebase with document id: 1
2023-04-13 21:54:18,899 | DEBUG | sending new post to vote and recomendation micro-services with id: 1
2023-04-13 21:54:21,232 | DEBUG | Adding post with id: 1 to post collection in firebase with document id: 1
2023-04-13 21:54:21,242 | DEBUG | sending new post to vote and recomendation micro-services with id: 1
2023-04-13 21:54:23,586 | DEBUG | Adding post with id: 1 to post collection in firebase with document id: 1
2023-04-13 21:54:23,631 | DEBUG | sending new post to vote and recomendation micro-services with id: 1
2023-04-13 21:54:26,006 | DEBUG | Adding post with id: 1 to post collection in firebase with document id: 1
2023-04-13 21:54:26,016 | DEBUG | sending new post to vote and recomendation micro-services with id: 1
2023-04-13 21:58:00,788 | DEBUG | Adding post with id: 1 to post collection in firebase with document id: 1
2023-04-13 21:58:00,804 | DEBUG | sending new post to vote and recomendation micro-services with id: 1
2023-04-13 21:58:03,137 | DEBUG | Adding post with id: 1 to post collection in firebase with document id: 1
2023-04-13 21:58:03,147 | DEBUG | sending new post to vote and recomendation micro-services with id: 1
2023-04-13 21:58:05,448 | DEBUG | Adding post with id: 1 to post collection in firebase with document id: 1
2023-04-13 21:58:05,462 | DEBUG | sending new post to vote and recomendation micro-services with id: 1
2023-04-13 21:58:07,785 | DEBUG | Adding post with id: 1 to post collection in firebase with document id: 1
2023-04-13 21:58:07,804 | DEBUG | sending new post to vote and recomendation micro-services with id: 1
2023-04-13 22:01:10,492 | DEBUG | Adding post with id: 1 to post collection in firebase with document id: 1
2023-04-13 22:01:10,503 | DEBUG | sending new post to vote and recomendation micro-services with id: 1
2023-04-13 22:01:12,777 | DEBUG | Adding post with id: 1 to post collection in firebase with document id: 1
2023-04-13 22:01:12,781 | DEBUG | sending new post to vote and recomendation micro-services with id: 1
2023-04-13 22:01:15,108 | DEBUG | Adding post with id: 1 to post collection in firebase with document id: 1
2023-04-13 22:01:15,118 | DEBUG | sending new post to vote and recomendation micro-services with id: 1
2023-04-13 22:01:17,439 | DEBUG | Adding post with id: 1 to post collection in firebase with document id: 1
2023-04-13 22:01:17,491 | DEBUG | sending new post to vote and recomendation micro-services with id: 1
2023-04-13 22:05:47,170 | DEBUG | Adding post with id: 1 to post collection in firebase with document id: 1
2023-04-13 22:05:47,182 | DEBUG | sending new post to vote and recomendation micro-services with id: 1
2023-04-13 22:05:49,555 | DEBUG | Adding post with id: 1 to post collection in firebase with document id: 1
2023-04-13 22:05:49,561 | DEBUG | sending new post to vote and recomendation micro-services with id: 1
2023-04-13 22:05:51,895 | DEBUG | Adding post with id: 1 to post collection in firebase with document id: 1
2023-04-13 22:05:51,905 | DEBUG | sending new post to vote and recomendation micro-services with id: 1
2023-04-13 22:05:54,264 | DEBUG | Adding post with id: 1 to post collection in firebase with document id: 1
2023-04-13 22:05:54,269 | DEBUG | sending new post to vote and recomendation micro-services with id: 1
2023-04-14 00:53:12,312 | DEBUG | Adding post with id: 1 to post collection in firebase with document id: 1
2023-04-14 00:53:12,353 | DEBUG | sending new post to vote and recomendation micro-services with id: 1
2023-04-14 00:53:17,219 | DEBUG | Adding post with id: 1 to post collection in firebase with document id: 1
2023-04-14 00:53:17,227 | DEBUG | sending new post to vote and recomendation micro-services with id: 1
2023-04-14 00:53:19,644 | DEBUG | Adding post with id: 1 to post collection in firebase with document id: 1
2023-04-14 00:53:19,650 | DEBUG | sending new post to vote and recomendation micro-services with id: 1
2023-04-14 00:53:21,897 | DEBUG | Adding post with id: 1 to post collection in firebase with document id: 1
2023-04-14 00:53:21,905 | DEBUG | sending new post to vote and recomendation micro-services with id: 1
2023-04-14 00:59:41,474 | DEBUG | Adding post with id: 1 to post collection in firebase with document id: 1
2023-04-14 00:59:41,489 | DEBUG | sending new post to vote and recomendation micro-services with id: 1
2023-04-14 00:59:43,733 | DEBUG | Adding post with id: 1 to post collection in firebase with document id: 1
2023-04-14 00:59:43,748 | DEBUG | sending new post to vote and recomendation micro-services with id: 1
2023-04-14 00:59:46,097 | DEBUG | Adding post with id: 1 to post collection in firebase with document id: 1
2023-04-14 00:59:46,113 | DEBUG | sending new post to vote and recomendation micro-services with id: 1
2023-04-14 00:59:48,329 | DEBUG | Adding post with id: 1 to post collection in firebase with document id: 1
2023-04-14 00:59:48,344 | DEBUG | sending new post to vote and recomendation micro-services with id: 1
2023-04-14 19:29:40,348 | DEBUG | Adding post with id: 1 to post collection in firebase with document id: 1
2023-04-14 19:29:40,390 | DEBUG | sending new post to vote and recomendation micro-services with id: 1
2023-04-14 19:29:43,003 | DEBUG | Adding post with id: 1 to post collection in firebase with document id: 1
2023-04-14 19:29:43,014 | DEBUG | sending new post to vote and recomendation micro-services with id: 1
2023-04-14 19:29:45,436 | DEBUG | Adding post with id: 1 to post collection in firebase with document id: 1
2023-04-14 19:29:45,443 | DEBUG | sending new post to vote and recomendation micro-services with id: 1
2023-04-14 19:29:47,994 | DEBUG | Adding post with id: 1 to post collection in firebase with document id: 1
2023-04-14 19:29:48,001 | DEBUG | sending new post to vote and recomendation micro-services with id: 1
2023-04-15 12:54:59,460 | DEBUG | Failed to add user to sub databases error : Expecting property name enclosed in double quotes: line 1 column 2 (char 1)
2023-04-15 12:54:59,461 | DEBUG | /*/*sending new user to post micro-services with id: 35
2023-04-15 12:56:41,312 | DEBUG | Failed to add user to sub databases error : Expecting property name enclosed in double quotes: line 1 column 2 (char 1)
2023-04-15 12:56:41,315 | DEBUG | /*/*sending new user to post micro-services with id: 36
2023-04-15 12:57:02,084 | DEBUG | Failed to add user to sub databases error : Expecting property name enclosed in double quotes: line 1 column 2 (char 1)
2023-04-15 12:57:02,085 | DEBUG | /*/*sending new user to post micro-services with id: 37
2023-04-15 12:57:42,268 | DEBUG | Failed to add user to sub databases error : Expecting property name enclosed in double quotes: line 1 column 2 (char 1)
2023-04-15 12:57:42,269 | DEBUG | /*/*sending new user to post micro-services with id: 38
2023-04-15 12:58:06,698 | DEBUG | Failed to add user to sub databases error : Expecting property name enclosed in double quotes: line 1 column 2 (char 1) || body : b"{'_sa_instance_state': <sqlalchemy.orm.state.InstanceState object at 0x000001D604D9D640>, 'email': 'yomyfriendhh@gmail.com', 'user_name': 'rezayek', 'created_at': datetime.datetime(2023, 4, 15, 12, 54, 59, 442076), 'profile_img': 'dark (1).jpg', 'is_verified': False, 'password': '$2b$12$Zv5xqu.fOApR3bSxGeyu8eV3CdSFKuGmlNp.ecXE4jTcWuMMLX6/G', 'id': 35, 'phone_number': None}"
2023-04-15 12:58:06,701 | DEBUG | Failed to add user to sub databases error : Expecting property name enclosed in double quotes: line 1 column 2 (char 1) || body : b"{'_sa_instance_state': <sqlalchemy.orm.state.InstanceState object at 0x000001FA8C29D6A0>, 'email': 'yomyfriendhh@gmail.com', 'user_name': 'rezayek', 'created_at': datetime.datetime(2023, 4, 15, 12, 56, 41, 293828), 'profile_img': 'dark (1).jpg', 'is_verified': False, 'password': '$2b$12$F.ehxmo5zD6cDWiBmPvoP.bp2OtQw6HRn3od9GYiZx2VLNr/drZHK', 'id': 36, 'phone_number': None}"
2023-04-15 12:58:06,703 | DEBUG | Failed to add user to sub databases error : Expecting property name enclosed in double quotes: line 1 column 2 (char 1) || body : b"{'_sa_instance_state': <sqlalchemy.orm.state.InstanceState object at 0x000001FA5D894760>, 'email': 'yomyfriendhh@gmail.com', 'user_name': 'rezayek', 'created_at': datetime.datetime(2023, 4, 15, 12, 57, 2, 68239), 'profile_img': 'dark (1).jpg', 'is_verified': False, 'id': 37, 'password': '$2b$12$emCKTQ/HamqJbTR23abIKegF6br8cy17X.40KeN0dIP11xuihSyyO', 'phone_number': None}"
2023-04-15 12:58:06,706 | DEBUG | Failed to add user to sub databases error : Expecting property name enclosed in double quotes: line 1 column 2 (char 1) || body : b"{'_sa_instance_state': <sqlalchemy.orm.state.InstanceState object at 0x000001E56B5DD640>, 'email': 'yomyfriendhh@gmail.com', 'user_name': 'rezayek', 'created_at': datetime.datetime(2023, 4, 15, 12, 57, 42, 246536), 'profile_img': 'dark (1).jpg', 'is_verified': False, 'password': '$2b$12$ehvjbY09qcdXfAtNSyjCauHK0zfmi67jrD8JJCmYHBxtjBSbC5h3y', 'id': 38, 'phone_number': None}"
2023-04-15 13:02:30,824 | DEBUG | Failed to add user to sub databases error : Expecting property name enclosed in double quotes: line 1 column 2 (char 1) || body : b"{'_sa_instance_state': <sqlalchemy.orm.state.InstanceState object at 0x000001D604D9D640>, 'email': 'yomyfriendhh@gmail.com', 'user_name': 'rezayek', 'created_at': datetime.datetime(2023, 4, 15, 12, 54, 59, 442076), 'profile_img': 'dark (1).jpg', 'is_verified': False, 'password': '$2b$12$Zv5xqu.fOApR3bSxGeyu8eV3CdSFKuGmlNp.ecXE4jTcWuMMLX6/G', 'id': 35, 'phone_number': None}"
2023-04-15 13:02:30,826 | DEBUG | Failed to add user to sub databases error : Expecting property name enclosed in double quotes: line 1 column 2 (char 1) || body : b"{'_sa_instance_state': <sqlalchemy.orm.state.InstanceState object at 0x000001FA8C29D6A0>, 'email': 'yomyfriendhh@gmail.com', 'user_name': 'rezayek', 'created_at': datetime.datetime(2023, 4, 15, 12, 56, 41, 293828), 'profile_img': 'dark (1).jpg', 'is_verified': False, 'password': '$2b$12$F.ehxmo5zD6cDWiBmPvoP.bp2OtQw6HRn3od9GYiZx2VLNr/drZHK', 'id': 36, 'phone_number': None}"
2023-04-15 13:02:30,829 | DEBUG | Failed to add user to sub databases error : Expecting property name enclosed in double quotes: line 1 column 2 (char 1) || body : b"{'_sa_instance_state': <sqlalchemy.orm.state.InstanceState object at 0x000001FA5D894760>, 'email': 'yomyfriendhh@gmail.com', 'user_name': 'rezayek', 'created_at': datetime.datetime(2023, 4, 15, 12, 57, 2, 68239), 'profile_img': 'dark (1).jpg', 'is_verified': False, 'id': 37, 'password': '$2b$12$emCKTQ/HamqJbTR23abIKegF6br8cy17X.40KeN0dIP11xuihSyyO', 'phone_number': None}"
2023-04-15 13:02:30,832 | DEBUG | Failed to add user to sub databases error : Expecting property name enclosed in double quotes: line 1 column 2 (char 1) || body : b"{'_sa_instance_state': <sqlalchemy.orm.state.InstanceState object at 0x000001E56B5DD640>, 'email': 'yomyfriendhh@gmail.com', 'user_name': 'rezayek', 'created_at': datetime.datetime(2023, 4, 15, 12, 57, 42, 246536), 'profile_img': 'dark (1).jpg', 'is_verified': False, 'password': '$2b$12$ehvjbY09qcdXfAtNSyjCauHK0zfmi67jrD8JJCmYHBxtjBSbC5h3y', 'id': 38, 'phone_number': None}"
2023-04-15 13:03:33,576 | DEBUG | Failed to add user to sub databases error : Expecting property name enclosed in double quotes: line 1 column 2 (char 1) || body : b"{'email': 'yomyfriendhh@gmail.com', 'user_name': 'rezayek', 'password': '$2b$12$dDjBJ2jptdHFo1c6ImEjg.5P62GbG03Mr.lGrLJ42uHGfutw67bTe', 'profile_img': 'dark (1).jpg'}"
2023-04-15 13:05:21,343 | DEBUG | Failed to add user to sub databases error : Expecting property name enclosed in double quotes: line 1 column 2 (char 1) || body : b"{'email': 'yomyfriendhh@gmail.com', 'user_name': 'rezayek', 'password': '$2b$12$lI5dja5zRCN6yvC/Zpl1duz9gi7SzkKA.830Lwtq1dbZ8pQVd1uGq', 'profile_img': 'dark (1).jpg'}"
2023-04-15 13:05:48,117 | DEBUG | Failed to add user to sub databases error : Expecting property name enclosed in double quotes: line 1 column 2 (char 1) || body : b"{'email': 'yomyfriendhh@gmail.com', 'user_name': 'rezayek', 'password': '$2b$12$4cW8WhSQ0OCwS3rPuTbG1uTMA1GnVTlkl3kC.KhUE0fr.koezeIXe', 'profile_img': 'dark (1).jpg'}"
2023-04-15 13:06:54,369 | DEBUG | Failed to add user to sub databases error : Expecting property name enclosed in double quotes: line 1 column 2 (char 1) || body : b"{'email': 'yomyfriendhh@gmail.com', 'user_name': 'rezayek', 'password': '$2b$12$Qlr8S7RlhVjlzjpBWRvpiezt.XlN8AbRqVrVhfzluc1z4akvTCEqO', 'profile_img': 'dark (1).jpg'}"
2023-04-15 13:07:41,689 | DEBUG | Failed to add user to sub databases error : Expecting property name enclosed in double quotes: line 1 column 2 (char 1) || body : b"{'_sa_instance_state': <sqlalchemy.orm.state.InstanceState object at 0x000001E20852BFA0>, 'email': 'yomyfriendhh@gmail.com', 'user_name': 'rezayek', 'created_at': datetime.datetime(2023, 4, 15, 13, 7, 41, 674909), 'profile_img': 'dark (1).jpg', 'is_verified': False, 'id': 44, 'password': '$2b$12$c5MequRGoHT7X5PdSUW36OeRCT7DqSUQyUn9qAKOeKJxoXi3bIz4G', 'phone_number': None}"
2023-04-15 13:07:41,690 | DEBUG | /*/*sending new user to post micro-services with id: 44
2023-04-15 13:09:01,564 | DEBUG | Failed to add user to sub databases error : Expecting property name enclosed in double quotes: line 1 column 2 (char 1) || body : b"{'_sa_instance_state': <sqlalchemy.orm.state.InstanceState object at 0x000001C9CA3CD6A0>, 'email': 'yomyfriendhh@gmail.com', 'user_name': 'rezayek', 'created_at': datetime.datetime(2023, 4, 15, 13, 9, 1, 544307), 'profile_img': 'dark (1).jpg', 'is_verified': False, 'id': 45, 'password': '$2b$12$nDxu6Mu.WtoHKY/Ii1ShbOPWU8/rl09XVyFly3ZAqc3fNPlb80uea', 'phone_number': None}"
2023-04-15 13:09:01,567 | DEBUG | /*/*sending new user to post micro-services with id: 45
2023-04-15 13:10:07,399 | DEBUG | Failed to add user to sub databases error : Expecting property name enclosed in double quotes: line 1 column 2 (char 1) || body : b"{'email': 'yomyfriendhh@gmail.com', 'user_name': 'rezayek', 'password': '$2b$12$dDjBJ2jptdHFo1c6ImEjg.5P62GbG03Mr.lGrLJ42uHGfutw67bTe', 'profile_img': 'dark (1).jpg'}"
2023-04-15 13:10:07,401 | DEBUG | Failed to add user to sub databases error : Expecting property name enclosed in double quotes: line 1 column 2 (char 1) || body : b"{'email': 'yomyfriendhh@gmail.com', 'user_name': 'rezayek', 'password': '$2b$12$lI5dja5zRCN6yvC/Zpl1duz9gi7SzkKA.830Lwtq1dbZ8pQVd1uGq', 'profile_img': 'dark (1).jpg'}"
2023-04-15 13:10:07,403 | DEBUG | Failed to add user to sub databases error : Expecting property name enclosed in double quotes: line 1 column 2 (char 1) || body : b"{'email': 'yomyfriendhh@gmail.com', 'user_name': 'rezayek', 'password': '$2b$12$4cW8WhSQ0OCwS3rPuTbG1uTMA1GnVTlkl3kC.KhUE0fr.koezeIXe', 'profile_img': 'dark (1).jpg'}"
2023-04-15 13:10:07,405 | DEBUG | Failed to add user to sub databases error : Expecting property name enclosed in double quotes: line 1 column 2 (char 1) || body : b"{'email': 'yomyfriendhh@gmail.com', 'user_name': 'rezayek', 'password': '$2b$12$Qlr8S7RlhVjlzjpBWRvpiezt.XlN8AbRqVrVhfzluc1z4akvTCEqO', 'profile_img': 'dark (1).jpg'}"
2023-04-15 13:10:07,407 | DEBUG | Failed to add user to sub databases error : Expecting property name enclosed in double quotes: line 1 column 2 (char 1) || body : b"{'_sa_instance_state': <sqlalchemy.orm.state.InstanceState object at 0x000001E20852BFA0>, 'email': 'yomyfriendhh@gmail.com', 'user_name': 'rezayek', 'created_at': datetime.datetime(2023, 4, 15, 13, 7, 41, 674909), 'profile_img': 'dark (1).jpg', 'is_verified': False, 'id': 44, 'password': '$2b$12$c5MequRGoHT7X5PdSUW36OeRCT7DqSUQyUn9qAKOeKJxoXi3bIz4G', 'phone_number': None}"
2023-04-15 13:10:07,410 | DEBUG | Failed to add user to sub databases error : Expecting property name enclosed in double quotes: line 1 column 2 (char 1) || body : b"{'_sa_instance_state': <sqlalchemy.orm.state.InstanceState object at 0x000001C9CA3CD6A0>, 'email': 'yomyfriendhh@gmail.com', 'user_name': 'rezayek', 'created_at': datetime.datetime(2023, 4, 15, 13, 9, 1, 544307), 'profile_img': 'dark (1).jpg', 'is_verified': False, 'id': 45, 'password': '$2b$12$nDxu6Mu.WtoHKY/Ii1ShbOPWU8/rl09XVyFly3ZAqc3fNPlb80uea', 'phone_number': None}"
2023-04-15 13:11:22,037 | DEBUG | Failed to add user to sub databases error : Expecting property name enclosed in double quotes: line 1 column 2 (char 1) || body : b"{'_sa_instance_state': <sqlalchemy.orm.state.InstanceState object at 0x0000027A8F25C7C0>, 'email': 'yomyfriendhh@gmail.com', 'user_name': 'rezayek', 'created_at': datetime.datetime(2023, 4, 15, 13, 11, 22, 21233), 'profile_img': 'dark (1).jpg', 'is_verified': False, 'password': '$2b$12$p7H/j4DMUysKPQCU6A5hWeyi0XHjoM/AkWZmkbs9SkqET4HaR/I2a', 'id': 46, 'phone_number': None}"
2023-04-15 13:11:22,040 | DEBUG | /*/*sending new user to post micro-services with id: 46
2023-04-15 13:13:01,500 | DEBUG | Failed to add user to sub databases error : Expecting value: line 1 column 24 (char 23) || body : b"{'_sa_instance_state': <sqlalchemy.orm.state.InstanceState object at 0x000001E20852BFA0>, 'email': 'yomyfriendhh@gmail.com', 'user_name': 'rezayek', 'created_at': datetime.datetime(2023, 4, 15, 13, 7, 41, 674909), 'profile_img': 'dark (1).jpg', 'is_verified': False, 'id': 44, 'password': '$2b$12$c5MequRGoHT7X5PdSUW36OeRCT7DqSUQyUn9qAKOeKJxoXi3bIz4G', 'phone_number': None}"
2023-04-15 13:13:01,502 | DEBUG | Failed to add user to sub databases error : Expecting value: line 1 column 24 (char 23) || body : b"{'_sa_instance_state': <sqlalchemy.orm.state.InstanceState object at 0x000001C9CA3CD6A0>, 'email': 'yomyfriendhh@gmail.com', 'user_name': 'rezayek', 'created_at': datetime.datetime(2023, 4, 15, 13, 9, 1, 544307), 'profile_img': 'dark (1).jpg', 'is_verified': False, 'id': 45, 'password': '$2b$12$nDxu6Mu.WtoHKY/Ii1ShbOPWU8/rl09XVyFly3ZAqc3fNPlb80uea', 'phone_number': None}"
2023-04-15 13:13:01,505 | DEBUG | Failed to add user to sub databases error : Expecting value: line 1 column 24 (char 23) || body : b"{'_sa_instance_state': <sqlalchemy.orm.state.InstanceState object at 0x0000027A8F25C7C0>, 'email': 'yomyfriendhh@gmail.com', 'user_name': 'rezayek', 'created_at': datetime.datetime(2023, 4, 15, 13, 11, 22, 21233), 'profile_img': 'dark (1).jpg', 'is_verified': False, 'password': '$2b$12$p7H/j4DMUysKPQCU6A5hWeyi0XHjoM/AkWZmkbs9SkqET4HaR/I2a', 'id': 46, 'phone_number': None}"
2023-04-15 13:16:11,574 | DEBUG | Failed to add user to sub databases error : Expecting value: line 1 column 24 (char 23) || body : b"{'_sa_instance_state': <sqlalchemy.orm.state.InstanceState object at 0x000001E20852BFA0>, 'email': 'yomyfriendhh@gmail.com', 'user_name': 'rezayek', 'created_at': datetime.datetime(2023, 4, 15, 13, 7, 41, 674909), 'profile_img': 'dark (1).jpg', 'is_verified': False, 'id': 44, 'password': '$2b$12$c5MequRGoHT7X5PdSUW36OeRCT7DqSUQyUn9qAKOeKJxoXi3bIz4G', 'phone_number': None}"
2023-04-15 13:16:11,577 | DEBUG | Failed to add user to sub databases error : Expecting value: line 1 column 24 (char 23) || body : b"{'_sa_instance_state': <sqlalchemy.orm.state.InstanceState object at 0x000001C9CA3CD6A0>, 'email': 'yomyfriendhh@gmail.com', 'user_name': 'rezayek', 'created_at': datetime.datetime(2023, 4, 15, 13, 9, 1, 544307), 'profile_img': 'dark (1).jpg', 'is_verified': False, 'id': 45, 'password': '$2b$12$nDxu6Mu.WtoHKY/Ii1ShbOPWU8/rl09XVyFly3ZAqc3fNPlb80uea', 'phone_number': None}"
2023-04-15 13:16:11,581 | DEBUG | Failed to add user to sub databases error : Expecting value: line 1 column 24 (char 23) || body : b"{'_sa_instance_state': <sqlalchemy.orm.state.InstanceState object at 0x0000027A8F25C7C0>, 'email': 'yomyfriendhh@gmail.com', 'user_name': 'rezayek', 'created_at': datetime.datetime(2023, 4, 15, 13, 11, 22, 21233), 'profile_img': 'dark (1).jpg', 'is_verified': False, 'password': '$2b$12$p7H/j4DMUysKPQCU6A5hWeyi0XHjoM/AkWZmkbs9SkqET4HaR/I2a', 'id': 46, 'phone_number': None}"
2023-04-15 13:19:46,774 | DEBUG | Failed to add user to sub databases error : Expecting value: line 1 column 24 (char 23) || body : b"{'_sa_instance_state': <sqlalchemy.orm.state.InstanceState object at 0x000001E20852BFA0>, 'email': 'yomyfriendhh@gmail.com', 'user_name': 'rezayek', 'created_at': datetime.datetime(2023, 4, 15, 13, 7, 41, 674909), 'profile_img': 'dark (1).jpg', 'is_verified': False, 'id': 44, 'password': '$2b$12$c5MequRGoHT7X5PdSUW36OeRCT7DqSUQyUn9qAKOeKJxoXi3bIz4G', 'phone_number': None}"
2023-04-15 13:19:46,777 | DEBUG | Failed to add user to sub databases error : Expecting value: line 1 column 24 (char 23) || body : b"{'_sa_instance_state': <sqlalchemy.orm.state.InstanceState object at 0x000001C9CA3CD6A0>, 'email': 'yomyfriendhh@gmail.com', 'user_name': 'rezayek', 'created_at': datetime.datetime(2023, 4, 15, 13, 9, 1, 544307), 'profile_img': 'dark (1).jpg', 'is_verified': False, 'id': 45, 'password': '$2b$12$nDxu6Mu.WtoHKY/Ii1ShbOPWU8/rl09XVyFly3ZAqc3fNPlb80uea', 'phone_number': None}"
2023-04-15 13:19:46,780 | DEBUG | Failed to add user to sub databases error : Expecting value: line 1 column 24 (char 23) || body : b"{'_sa_instance_state': <sqlalchemy.orm.state.InstanceState object at 0x0000027A8F25C7C0>, 'email': 'yomyfriendhh@gmail.com', 'user_name': 'rezayek', 'created_at': datetime.datetime(2023, 4, 15, 13, 11, 22, 21233), 'profile_img': 'dark (1).jpg', 'is_verified': False, 'password': '$2b$12$p7H/j4DMUysKPQCU6A5hWeyi0XHjoM/AkWZmkbs9SkqET4HaR/I2a', 'id': 46, 'phone_number': None}"
2023-04-15 13:24:38,313 | DEBUG | Failed to add user to sub databases error : Expecting property name enclosed in double quotes: line 1 column 2 (char 1) || body : b"{'email': 'yomyfriendhh@gmail.com', 'user_name': 'rezayek', 'password': '$2b$12$dDjBJ2jptdHFo1c6ImEjg.5P62GbG03Mr.lGrLJ42uHGfutw67bTe', 'profile_img': 'dark (1).jpg'}"
2023-04-15 13:24:38,316 | DEBUG | Failed to add user to sub databases error : Expecting property name enclosed in double quotes: line 1 column 2 (char 1) || body : b"{'email': 'yomyfriendhh@gmail.com', 'user_name': 'rezayek', 'password': '$2b$12$lI5dja5zRCN6yvC/Zpl1duz9gi7SzkKA.830Lwtq1dbZ8pQVd1uGq', 'profile_img': 'dark (1).jpg'}"
2023-04-15 13:24:38,318 | DEBUG | Failed to add user to sub databases error : Expecting property name enclosed in double quotes: line 1 column 2 (char 1) || body : b"{'email': 'yomyfriendhh@gmail.com', 'user_name': 'rezayek', 'password': '$2b$12$4cW8WhSQ0OCwS3rPuTbG1uTMA1GnVTlkl3kC.KhUE0fr.koezeIXe', 'profile_img': 'dark (1).jpg'}"
2023-04-15 13:24:38,320 | DEBUG | Failed to add user to sub databases error : Expecting property name enclosed in double quotes: line 1 column 2 (char 1) || body : b"{'email': 'yomyfriendhh@gmail.com', 'user_name': 'rezayek', 'password': '$2b$12$Qlr8S7RlhVjlzjpBWRvpiezt.XlN8AbRqVrVhfzluc1z4akvTCEqO', 'profile_img': 'dark (1).jpg'}"
2023-04-15 13:24:38,322 | DEBUG | Failed to add user to sub databases error : Expecting property name enclosed in double quotes: line 1 column 2 (char 1) || body : b"{'_sa_instance_state': <sqlalchemy.orm.state.InstanceState object at 0x000001E20852BFA0>, 'email': 'yomyfriendhh@gmail.com', 'user_name': 'rezayek', 'created_at': datetime.datetime(2023, 4, 15, 13, 7, 41, 674909), 'profile_img': 'dark (1).jpg', 'is_verified': False, 'id': 44, 'password': '$2b$12$c5MequRGoHT7X5PdSUW36OeRCT7DqSUQyUn9qAKOeKJxoXi3bIz4G', 'phone_number': None}"
2023-04-15 13:24:38,325 | DEBUG | Failed to add user to sub databases error : Expecting property name enclosed in double quotes: line 1 column 2 (char 1) || body : b"{'_sa_instance_state': <sqlalchemy.orm.state.InstanceState object at 0x000001C9CA3CD6A0>, 'email': 'yomyfriendhh@gmail.com', 'user_name': 'rezayek', 'created_at': datetime.datetime(2023, 4, 15, 13, 9, 1, 544307), 'profile_img': 'dark (1).jpg', 'is_verified': False, 'id': 45, 'password': '$2b$12$nDxu6Mu.WtoHKY/Ii1ShbOPWU8/rl09XVyFly3ZAqc3fNPlb80uea', 'phone_number': None}"
2023-04-15 13:24:38,327 | DEBUG | Failed to add user to sub databases error : Expecting property name enclosed in double quotes: line 1 column 2 (char 1) || body : b"{'_sa_instance_state': <sqlalchemy.orm.state.InstanceState object at 0x0000027A8F25C7C0>, 'email': 'yomyfriendhh@gmail.com', 'user_name': 'rezayek', 'created_at': datetime.datetime(2023, 4, 15, 13, 11, 22, 21233), 'profile_img': 'dark (1).jpg', 'is_verified': False, 'password': '$2b$12$p7H/j4DMUysKPQCU6A5hWeyi0XHjoM/AkWZmkbs9SkqET4HaR/I2a', 'id': 46, 'phone_number': None}"
2023-04-15 13:25:12,501 | DEBUG | Failed to add user to sub databases error : Expecting property name enclosed in double quotes: line 1 column 2 (char 1) || body : b"{'id': 47, 'email': 'yomyfriendhh@gmail.com', 'password': '$2b$12$6xvwZZKCpkQKkKTuWs1e/O6KczkDaTbcd7r0SUmiKOCZgDBB8el5K', 'user_name': 'rezayek', 'is_verified': False, 'created_at': datetime.datetime(2023, 4, 15, 13, 25, 12, 480962), 'phone_number': None, 'profile_img': 'dark (1).jpg'}"
2023-04-15 13:25:12,503 | DEBUG | /*/*sending new user to post micro-services with id: 47
2023-04-15 13:26:17,316 | DEBUG | Failed to add user to sub databases error : Expecting property name enclosed in double quotes: line 1 column 2 (char 1) || body : b"{'email': 'yomyfriendhh@gmail.com', 'user_name': 'rezayek', 'password': '$2b$12$dDjBJ2jptdHFo1c6ImEjg.5P62GbG03Mr.lGrLJ42uHGfutw67bTe', 'profile_img': 'dark (1).jpg'}"
2023-04-15 13:26:17,319 | DEBUG | Failed to add user to sub databases error : Expecting property name enclosed in double quotes: line 1 column 2 (char 1) || body : b"{'email': 'yomyfriendhh@gmail.com', 'user_name': 'rezayek', 'password': '$2b$12$lI5dja5zRCN6yvC/Zpl1duz9gi7SzkKA.830Lwtq1dbZ8pQVd1uGq', 'profile_img': 'dark (1).jpg'}"
2023-04-15 13:26:17,321 | DEBUG | Failed to add user to sub databases error : Expecting property name enclosed in double quotes: line 1 column 2 (char 1) || body : b"{'email': 'yomyfriendhh@gmail.com', 'user_name': 'rezayek', 'password': '$2b$12$4cW8WhSQ0OCwS3rPuTbG1uTMA1GnVTlkl3kC.KhUE0fr.koezeIXe', 'profile_img': 'dark (1).jpg'}"
2023-04-15 13:26:17,323 | DEBUG | Failed to add user to sub databases error : Expecting property name enclosed in double quotes: line 1 column 2 (char 1) || body : b"{'email': 'yomyfriendhh@gmail.com', 'user_name': 'rezayek', 'password': '$2b$12$Qlr8S7RlhVjlzjpBWRvpiezt.XlN8AbRqVrVhfzluc1z4akvTCEqO', 'profile_img': 'dark (1).jpg'}"
2023-04-15 13:26:17,325 | DEBUG | Failed to add user to sub databases error : Expecting property name enclosed in double quotes: line 1 column 2 (char 1) || body : b"{'_sa_instance_state': <sqlalchemy.orm.state.InstanceState object at 0x000001E20852BFA0>, 'email': 'yomyfriendhh@gmail.com', 'user_name': 'rezayek', 'created_at': datetime.datetime(2023, 4, 15, 13, 7, 41, 674909), 'profile_img': 'dark (1).jpg', 'is_verified': False, 'id': 44, 'password': '$2b$12$c5MequRGoHT7X5PdSUW36OeRCT7DqSUQyUn9qAKOeKJxoXi3bIz4G', 'phone_number': None}"
2023-04-15 13:26:17,328 | DEBUG | Failed to add user to sub databases error : Expecting property name enclosed in double quotes: line 1 column 2 (char 1) || body : b"{'_sa_instance_state': <sqlalchemy.orm.state.InstanceState object at 0x000001C9CA3CD6A0>, 'email': 'yomyfriendhh@gmail.com', 'user_name': 'rezayek', 'created_at': datetime.datetime(2023, 4, 15, 13, 9, 1, 544307), 'profile_img': 'dark (1).jpg', 'is_verified': False, 'id': 45, 'password': '$2b$12$nDxu6Mu.WtoHKY/Ii1ShbOPWU8/rl09XVyFly3ZAqc3fNPlb80uea', 'phone_number': None}"
2023-04-15 13:26:17,331 | DEBUG | Failed to add user to sub databases error : Expecting property name enclosed in double quotes: line 1 column 2 (char 1) || body : b"{'_sa_instance_state': <sqlalchemy.orm.state.InstanceState object at 0x0000027A8F25C7C0>, 'email': 'yomyfriendhh@gmail.com', 'user_name': 'rezayek', 'created_at': datetime.datetime(2023, 4, 15, 13, 11, 22, 21233), 'profile_img': 'dark (1).jpg', 'is_verified': False, 'password': '$2b$12$p7H/j4DMUysKPQCU6A5hWeyi0XHjoM/AkWZmkbs9SkqET4HaR/I2a', 'id': 46, 'phone_number': None}"
2023-04-15 13:26:17,334 | DEBUG | Failed to add user to sub databases error : Expecting property name enclosed in double quotes: line 1 column 2 (char 1) || body : b"{'id': 47, 'email': 'yomyfriendhh@gmail.com', 'password': '$2b$12$6xvwZZKCpkQKkKTuWs1e/O6KczkDaTbcd7r0SUmiKOCZgDBB8el5K', 'user_name': 'rezayek', 'is_verified': False, 'created_at': datetime.datetime(2023, 4, 15, 13, 25, 12, 480962), 'phone_number': None, 'profile_img': 'dark (1).jpg'}"
2023-04-15 13:26:28,381 | DEBUG | Failed to add user to sub databases error : Expecting property name enclosed in double quotes: line 1 column 2 (char 1) || body : b"{'id': 48, 'email': 'yomyfriendhh@gmail.com', 'password': '$2b$12$fy6y59M95/9uBga1BkNpYOwYJc17SJUCaxe9NPoU6yOuDenjAWKem', 'user_name': 'rezayek', 'is_verified': False, 'phone_number': None, 'profile_img': 'dark (1).jpg'}"
2023-04-15 13:26:28,382 | DEBUG | /*/*sending new user to post micro-services with id: 48
2023-04-15 13:27:23,179 | DEBUG | Failed to add user to sub databases error : Expecting value: line 1 column 24 (char 23) || body : b"{'_sa_instance_state': <sqlalchemy.orm.state.InstanceState object at 0x000001E20852BFA0>, 'email': 'yomyfriendhh@gmail.com', 'user_name': 'rezayek', 'created_at': datetime.datetime(2023, 4, 15, 13, 7, 41, 674909), 'profile_img': 'dark (1).jpg', 'is_verified': False, 'id': 44, 'password': '$2b$12$c5MequRGoHT7X5PdSUW36OeRCT7DqSUQyUn9qAKOeKJxoXi3bIz4G', 'phone_number': None}"
2023-04-15 13:27:23,181 | DEBUG | Failed to add user to sub databases error : Expecting value: line 1 column 24 (char 23) || body : b"{'_sa_instance_state': <sqlalchemy.orm.state.InstanceState object at 0x000001C9CA3CD6A0>, 'email': 'yomyfriendhh@gmail.com', 'user_name': 'rezayek', 'created_at': datetime.datetime(2023, 4, 15, 13, 9, 1, 544307), 'profile_img': 'dark (1).jpg', 'is_verified': False, 'id': 45, 'password': '$2b$12$nDxu6Mu.WtoHKY/Ii1ShbOPWU8/rl09XVyFly3ZAqc3fNPlb80uea', 'phone_number': None}"
2023-04-15 13:27:23,184 | DEBUG | Failed to add user to sub databases error : Expecting value: line 1 column 24 (char 23) || body : b"{'_sa_instance_state': <sqlalchemy.orm.state.InstanceState object at 0x0000027A8F25C7C0>, 'email': 'yomyfriendhh@gmail.com', 'user_name': 'rezayek', 'created_at': datetime.datetime(2023, 4, 15, 13, 11, 22, 21233), 'profile_img': 'dark (1).jpg', 'is_verified': False, 'password': '$2b$12$p7H/j4DMUysKPQCU6A5hWeyi0XHjoM/AkWZmkbs9SkqET4HaR/I2a', 'id': 46, 'phone_number': None}"
2023-04-15 13:27:23,186 | DEBUG | Failed to add user to sub databases error : Expecting value: line 1 column 162 (char 161) || body : b"{'id': 47, 'email': 'yomyfriendhh@gmail.com', 'password': '$2b$12$6xvwZZKCpkQKkKTuWs1e/O6KczkDaTbcd7r0SUmiKOCZgDBB8el5K', 'user_name': 'rezayek', 'is_verified': False, 'created_at': datetime.datetime(2023, 4, 15, 13, 25, 12, 480962), 'phone_number': None, 'profile_img': 'dark (1).jpg'}"
2023-04-15 13:27:23,189 | DEBUG | Failed to add user to sub databases error : Expecting value: line 1 column 162 (char 161) || body : b"{'id': 48, 'email': 'yomyfriendhh@gmail.com', 'password': '$2b$12$fy6y59M95/9uBga1BkNpYOwYJc17SJUCaxe9NPoU6yOuDenjAWKem', 'user_name': 'rezayek', 'is_verified': False, 'phone_number': None, 'profile_img': 'dark (1).jpg'}"
2023-04-15 13:28:41,802 | DEBUG | Failed to add user to sub databases error : Expecting value: line 1 column 24 (char 23) || body : b"{'_sa_instance_state': <sqlalchemy.orm.state.InstanceState object at 0x000001E20852BFA0>, 'email': 'yomyfriendhh@gmail.com', 'user_name': 'rezayek', 'created_at': datetime.datetime(2023, 4, 15, 13, 7, 41, 674909), 'profile_img': 'dark (1).jpg', 'is_verified': False, 'id': 44, 'password': '$2b$12$c5MequRGoHT7X5PdSUW36OeRCT7DqSUQyUn9qAKOeKJxoXi3bIz4G', 'phone_number': None}"
2023-04-15 13:28:41,805 | DEBUG | Failed to add user to sub databases error : Expecting value: line 1 column 24 (char 23) || body : b"{'_sa_instance_state': <sqlalchemy.orm.state.InstanceState object at 0x000001C9CA3CD6A0>, 'email': 'yomyfriendhh@gmail.com', 'user_name': 'rezayek', 'created_at': datetime.datetime(2023, 4, 15, 13, 9, 1, 544307), 'profile_img': 'dark (1).jpg', 'is_verified': False, 'id': 45, 'password': '$2b$12$nDxu6Mu.WtoHKY/Ii1ShbOPWU8/rl09XVyFly3ZAqc3fNPlb80uea', 'phone_number': None}"
2023-04-15 13:28:41,808 | DEBUG | Failed to add user to sub databases error : Expecting value: line 1 column 24 (char 23) || body : b"{'_sa_instance_state': <sqlalchemy.orm.state.InstanceState object at 0x0000027A8F25C7C0>, 'email': 'yomyfriendhh@gmail.com', 'user_name': 'rezayek', 'created_at': datetime.datetime(2023, 4, 15, 13, 11, 22, 21233), 'profile_img': 'dark (1).jpg', 'is_verified': False, 'password': '$2b$12$p7H/j4DMUysKPQCU6A5hWeyi0XHjoM/AkWZmkbs9SkqET4HaR/I2a', 'id': 46, 'phone_number': None}"
2023-04-15 13:28:41,811 | DEBUG | Failed to add user to sub databases error : Expecting value: line 1 column 162 (char 161) || body : b"{'id': 47, 'email': 'yomyfriendhh@gmail.com', 'password': '$2b$12$6xvwZZKCpkQKkKTuWs1e/O6KczkDaTbcd7r0SUmiKOCZgDBB8el5K', 'user_name': 'rezayek', 'is_verified': False, 'created_at': datetime.datetime(2023, 4, 15, 13, 25, 12, 480962), 'phone_number': None, 'profile_img': 'dark (1).jpg'}"
2023-04-15 13:28:41,815 | DEBUG | Failed to add user to sub databases error : Expecting value: line 1 column 162 (char 161) || body : b"{'id': 48, 'email': 'yomyfriendhh@gmail.com', 'password': '$2b$12$fy6y59M95/9uBga1BkNpYOwYJc17SJUCaxe9NPoU6yOuDenjAWKem', 'user_name': 'rezayek', 'is_verified': False, 'phone_number': None, 'profile_img': 'dark (1).jpg'}"
2023-04-15 13:29:15,505 | DEBUG | Failed to add user to sub databases error : Expecting value: line 1 column 162 (char 161) || body : b"{'id': 49, 'email': 'yomyfriendhh@gmail.com', 'password': '$2b$12$OkFBCVqf9L7j1y0Mqmf/R.wdPWuU7u7ibzgvoFY7sLL3j2i36uI86', 'user_name': 'rezayek', 'is_verified': False, 'phone_number': None, 'profile_img': 'dark (1).jpg'}"
2023-04-15 13:29:15,506 | DEBUG | /*/*sending new user to post micro-services with id: 49
2023-04-15 13:30:53,040 | DEBUG | Failed to add user to sub databases error : Expecting value: line 1 column 162 (char 161) || body : b"{'id': 50, 'email': 'yomyfriendhh@gmail.com', 'password': '$2b$12$npmKvPPbCBpYIrtqZ45AMuVrCXMtoNwygoMH.NPQN/F.Z32x8BPeK', 'user_name': 'rezayek', 'is_verified': False, 'phone_number': None, 'profile_img': 'dark (1).jpg'}"
2023-04-15 13:30:53,041 | DEBUG | /*/*sending new user to post micro-services with id: 50
2023-04-15 13:35:42,250 | DEBUG | Failed to add user to sub databases error : Expecting value: line 1 column 162 (char 161) || body : b"{'id': 50, 'email': 'yomyfriendhh@gmail.com', 'password': '$2b$12$npmKvPPbCBpYIrtqZ45AMuVrCXMtoNwygoMH.NPQN/F.Z32x8BPeK', 'user_name': 'rezayek', 'is_verified': False, 'phone_number': None, 'profile_img': 'dark (1).jpg'}"
2023-04-15 13:36:44,630 | DEBUG | Failed to add user to sub databases error : Expecting property name enclosed in double quotes: line 1 column 2 (char 1) || body : b"{'id': 50, 'email': 'yomyfriendhh@gmail.com', 'password': '$2b$12$npmKvPPbCBpYIrtqZ45AMuVrCXMtoNwygoMH.NPQN/F.Z32x8BPeK', 'user_name': 'rezayek', 'is_verified': False, 'phone_number': None, 'profile_img': 'dark (1).jpg'}"
2023-04-15 13:39:45,307 | DEBUG | /*/*sending new user to post micro-services with id: 51
2023-04-15 13:42:54,048 | DEBUG | /*/*sending new user to post micro-services with id: 52
2023-04-15 13:44:07,965 | DEBUG | /*/*sending new user to post micro-services with id: 54
2023-04-15 13:47:52,458 | DEBUG | Failed to add user to sub databases error : __enter__ || body : b"{'id': 50, 'email': 'yomyfriendhh@gmail.com', 'password': '$2b$12$npmKvPPbCBpYIrtqZ45AMuVrCXMtoNwygoMH.NPQN/F.Z32x8BPeK', 'user_name': 'rezayek', 'is_verified': False, 'phone_number': None, 'profile_img': 'dark (1).jpg'}"
2023-04-15 13:47:52,461 | DEBUG | Failed to add user to sub databases error : __enter__ || body : b"{'id': 51, 'email': 'yomyfriendhh@gmail.com', 'password': '$2b$12$f22D61Ud4.vGOQfpRpAFv.PtZPRjAAY/M0GzjRBenkfAxatiFX1aS', 'user_name': 'rezayek', 'is_verified': False, 'phone_number': None, 'profile_img': 'dark (1).jpg'}"
2023-04-15 13:47:52,464 | DEBUG | Failed to add user to sub databases error : __enter__ || body : b"{'id': 52, 'email': 'yomyfriendhh@gmail.com', 'password': '$2b$12$MJz69uJkRza2xtYS5PeIPOKbf3n4fNMr4Py/Y5lxRFaFEYTy3pZY2', 'user_name': 'rezayek', 'is_verified': False, 'phone_number': None, 'profile_img': 'dark (1).jpg'}"
2023-04-15 13:47:52,466 | DEBUG | Failed to add user to sub databases error : __enter__ || body : b"{'id': 54, 'email': 'yomyfriendhh@gmail.com', 'password': '$2b$12$U232ZU0bVdRidIlzyicDw.CnZRCmFCpbv2bDNbr/NdTblGCQLBt3K', 'user_name': 'rezayek', 'is_verified': False, 'phone_number': None, 'profile_img': 'dark (1).jpg'}"
2023-04-15 13:57:18,187 | DEBUG | Failled to add user with id: 54 to user collection in firebase error : 'DocumentSnapshot' object is not subscriptable
2023-04-15 13:57:18,202 | DEBUG | /*sending new user to group and vote micro-services with id: 54
2023-04-15 14:11:51,260 | DEBUG | /*/*sending new user to post micro-services with id: 56
2023-04-15 14:15:56,474 | DEBUG | Failled to add user with id: 57 to user collection in firebase error : 'DocumentSnapshot' object is not subscriptable
2023-04-15 14:15:56,483 | DEBUG | /*sending new user to group and vote micro-services with id: 57
2023-04-15 14:15:56,492 | DEBUG | /*/*sending new user to post micro-services with id: 57
2023-04-15 14:22:51,989 | DEBUG | Failled to add user with id: 58 to user collection in firebase error : 'DocumentSnapshot' object is not subscriptable
2023-04-15 14:22:51,999 | DEBUG | /*sending new user to group and vote micro-services with id: 58
2023-04-15 14:22:52,007 | DEBUG | /*/*sending new user to post micro-services with id: 58
2023-04-15 14:28:19,171 | DEBUG | Failled to add user with id: 59 to user collection in firebase error : 'DocumentSnapshot' object is not subscriptable
2023-04-15 14:28:19,180 | DEBUG | /*sending new user to group and vote micro-services with id: 59
2023-04-15 14:28:19,187 | DEBUG | /*/*sending new user to post micro-services with id: 59
2023-04-15 14:47:43,239 | DEBUG | Failled to add user with id: 60 to user collection in firebase error : 'DocumentSnapshot' object is not subscriptable
2023-04-15 14:47:43,250 | DEBUG | /*sending new user to group and vote micro-services with id: 60
2023-04-15 14:47:43,260 | DEBUG | /*/*sending new user to post micro-services with id: 60
2023-04-15 14:58:14,194 | DEBUG | Failled to add user with id: 61 to user collection in firebase error : 
2023-04-15 14:58:14,210 | DEBUG | /*sending new user to group and vote micro-services with id: 61
2023-04-15 14:58:14,226 | DEBUG | /*/*sending new user to post micro-services with id: 61
2023-04-15 15:00:41,055 | DEBUG | Failled to add user with id: 62 to user collection in firebase error : 
2023-04-15 15:00:41,068 | DEBUG | /*sending new user to group and vote micro-services with id: 62
2023-04-15 15:00:41,077 | DEBUG | /*/*sending new user to post micro-services with id: 62
2023-04-15 15:07:36,538 | DEBUG | Failled to add user with id: 63 to user collection in firebase error : 
2023-04-15 15:07:36,549 | DEBUG | /*sending new user to group and vote micro-services with id: 63
2023-04-15 15:07:36,556 | DEBUG | /*/*sending new user to post micro-services with id: 63
2023-04-15 15:11:56,336 | DEBUG | Failled to add user with id: 64 to user collection in firebase error : 
2023-04-15 15:11:56,347 | DEBUG | /*sending new user to group and vote micro-services with id: 64
2023-04-15 15:11:56,355 | DEBUG | /*/*sending new user to post micro-services with id: 64
2023-04-15 15:14:28,710 | DEBUG | Failled to add user with id: 65 to user collection in firebase error : 
2023-04-15 15:14:28,718 | DEBUG | /*sending new user to group and vote micro-services with id: 65
2023-04-15 15:14:28,727 | DEBUG | /*/*sending new user to post micro-services with id: 65
2023-04-15 15:22:14,010 | DEBUG | Failled to add user with id: 66 to user collection in firebase error : 
2023-04-15 15:22:14,126 | DEBUG | /*sending new user to group and vote micro-services with id: 66
2023-04-15 15:22:14,168 | DEBUG | /*/*sending new user to post micro-services with id: 66
2023-04-15 15:30:23,746 | DEBUG | Failled to add user with id: 67 to user collection in firebase error : 
2023-04-15 15:30:23,757 | DEBUG | /*sending new user to group and vote micro-services with id: 67
2023-04-15 15:32:51,304 | DEBUG | Failled to add user with id: 68 to user collection in firebase error : 
2023-04-15 15:32:51,315 | DEBUG | /*sending new user to group and vote micro-services with id: 68
2023-04-15 15:35:20,469 | DEBUG | Failled to add user with id: 69 to user collection in firebase error : 
2023-04-15 15:35:20,479 | DEBUG | /*sending new user to group and vote micro-services with id: 69
2023-04-15 15:37:24,004 | DEBUG | Failled to add user with id: 70 to user collection in firebase error : 'DocumentReference' object has no attribute 'exists'
2023-04-15 15:37:24,062 | DEBUG | /*sending new user to group and vote micro-services with id: 70
2023-04-15 15:39:24,603 | DEBUG | Failled to add user with id: 71 to user collection in firebase error : 'DocumentSnapshot' object is not subscriptable
2023-04-15 15:39:24,619 | DEBUG | /*sending new user to group and vote micro-services with id: 71
2023-04-15 15:40:56,304 | DEBUG | Adding user with id: 72 to user collection in firebase with document id: 72
2023-04-15 15:40:56,312 | DEBUG | /*sending new user to group and vote micro-services with id: 72
2023-04-15 15:43:14,518 | DEBUG | Adding user with id: 73 to user collection in firebase with document id: 73
2023-04-15 15:43:14,531 | DEBUG | /*sending new user to group and vote micro-services with id: 73
2023-04-15 15:43:14,542 | DEBUG | /*/*sending new user to post micro-services with id: 73
2023-04-15 15:51:54,891 | DEBUG | Adding user with id: 74 to user collection in firebase with document id: 74
2023-04-15 15:51:54,908 | DEBUG | /*sending new user to group and vote micro-services with id: 74
2023-04-15 15:51:54,922 | DEBUG | /*/*sending new user to post micro-services with id: 74
2023-04-15 16:01:32,012 | DEBUG | Adding user with id: 75 to user collection in firebase with document id: 75
2023-04-15 16:01:32,020 | DEBUG | /*sending new user to group and vote micro-services with id: 75
2023-04-15 16:01:32,027 | DEBUG | /*/*sending new user to post micro-services with id: 75
2023-04-15 16:11:15,281 | DEBUG | Adding user with id: 76 to user collection in firebase with document id: 76
2023-04-15 16:11:15,293 | DEBUG | /*sending new user to group and vote micro-services with id: 76
2023-04-15 16:11:15,300 | DEBUG | /*/*sending new user to post micro-services with id: 76
2023-04-15 16:17:25,890 | DEBUG | Adding user with id: 77 to user collection in firebase with document id: 77
2023-04-15 16:17:25,903 | DEBUG | /*sending new user to group and vote micro-services with id: 77
2023-04-15 16:17:25,911 | DEBUG | /*/*sending new user to post micro-services with id: 77
2023-04-15 16:26:22,998 | DEBUG | Adding post with id: 44 to post collection in firebase with document id: 44
2023-04-15 16:26:23,010 | DEBUG | sending new post to vote and recomendation micro-services with id: 44
2023-04-15 16:26:57,898 | DEBUG | Adding post with id: 45 to post collection in firebase with document id: 45
2023-04-15 16:26:57,925 | DEBUG | sending new post to vote and recomendation micro-services with id: 45
2023-04-15 16:29:51,469 | DEBUG | Adding post with id: 46 to post collection in firebase with document id: 46
2023-04-15 16:29:51,481 | DEBUG | sending new post to vote and recomendation micro-services with id: 46
2023-04-15 16:31:35,417 | DEBUG | Adding post with id: 47 to post collection in firebase with document id: 47
2023-04-15 16:31:35,435 | DEBUG | sending new post to vote and recomendation micro-services with id: 47
2023-04-15 16:32:04,613 | DEBUG | Adding post with id: 48 to post collection in firebase with document id: 48
2023-04-15 16:32:04,622 | DEBUG | sending new post to vote and recomendation micro-services with id: 48
2023-04-15 16:38:28,932 | DEBUG | Adding post with id: 49 to post collection in firebase with document id: 49
2023-04-15 16:38:28,944 | DEBUG | sending new post to vote and recomendation micro-services with id: 49
2023-04-15 16:43:32,824 | DEBUG | Adding post with id: 50 to post collection in firebase with document id: 50
2023-04-15 16:43:32,843 | DEBUG | sending new post to vote and recomendation micro-services with id: 50
2023-04-15 16:53:16,165 | DEBUG | Adding post with id: 51 to post collection in firebase with document id: 51
2023-04-15 16:53:16,179 | DEBUG | sending new post to vote and recomendation micro-services with id: 51
2023-04-15 16:55:02,366 | DEBUG | Adding post with id: 52 to post collection in firebase with document id: 52
2023-04-15 16:55:02,381 | DEBUG | sending new post to vote and recomendation micro-services with id: 52
2023-04-15 16:55:27,548 | DEBUG | Adding post with id: 53 to post collection in firebase with document id: 53
2023-04-15 16:55:27,565 | DEBUG | sending new post to vote and recomendation micro-services with id: 53
2023-04-15 16:56:34,622 | DEBUG | Adding post with id: 54 to post collection in firebase with document id: 54
2023-04-15 16:56:34,636 | DEBUG | sending new post to vote and recomendation micro-services with id: 54
2023-04-15 16:57:05,248 | DEBUG | Adding post with id: 55 to post collection in firebase with document id: 55
2023-04-15 16:57:05,274 | DEBUG | sending new post to vote and recomendation micro-services with id: 55
2023-04-15 16:58:24,348 | DEBUG | Adding post with id: 56 to post collection in firebase with document id: 56
2023-04-15 16:58:24,361 | DEBUG | sending new post to vote and recomendation micro-services with id: 56
2023-04-15 16:59:38,390 | DEBUG | Adding post with id: 57 to post collection in firebase with document id: 57
2023-04-15 16:59:38,401 | DEBUG | sending new post to vote and recomendation micro-services with id: 57
2023-04-25 18:57:55,453 | DEBUG | Adding post with id: 1 to post collection in firebase with document id: 1
2023-04-25 18:57:55,545 | DEBUG | sending new post to vote and recomendation micro-services with id: 1
2023-04-25 18:57:58,098 | DEBUG | Adding post with id: 1 to post collection in firebase with document id: 1
2023-04-25 18:57:58,105 | DEBUG | sending new post to vote and recomendation micro-services with id: 1
2023-04-25 18:58:00,483 | DEBUG | Adding post with id: 1 to post collection in firebase with document id: 1
2023-04-25 18:58:00,506 | DEBUG | sending new post to vote and recomendation micro-services with id: 1
2023-04-25 18:58:02,816 | DEBUG | Adding post with id: 1 to post collection in firebase with document id: 1
2023-04-25 18:58:02,824 | DEBUG | sending new post to vote and recomendation micro-services with id: 1
2023-04-25 19:00:57,898 | DEBUG | Adding post with id: 1 to post collection in firebase with document id: 1
2023-04-25 19:00:57,904 | DEBUG | sending new post to vote and recomendation micro-services with id: 1
2023-04-25 19:01:00,715 | DEBUG | Adding post with id: 1 to post collection in firebase with document id: 1
2023-04-25 19:01:00,721 | DEBUG | sending new post to vote and recomendation micro-services with id: 1
2023-04-25 19:01:03,230 | DEBUG | Adding post with id: 1 to post collection in firebase with document id: 1
2023-04-25 19:01:03,237 | DEBUG | sending new post to vote and recomendation micro-services with id: 1
2023-04-25 19:01:05,569 | DEBUG | Adding post with id: 1 to post collection in firebase with document id: 1
2023-04-25 19:01:05,578 | DEBUG | sending new post to vote and recomendation micro-services with id: 1
2023-04-25 19:03:36,044 | DEBUG | Adding post with id: 1 to post collection in firebase with document id: 1
2023-04-25 19:03:36,052 | DEBUG | sending new post to vote and recomendation micro-services with id: 1
2023-04-25 19:03:38,357 | DEBUG | Adding post with id: 1 to post collection in firebase with document id: 1
2023-04-25 19:03:38,413 | DEBUG | sending new post to vote and recomendation micro-services with id: 1
2023-04-25 19:03:40,732 | DEBUG | Adding post with id: 1 to post collection in firebase with document id: 1
2023-04-25 19:03:40,741 | DEBUG | sending new post to vote and recomendation micro-services with id: 1
2023-04-25 19:03:43,072 | DEBUG | Adding post with id: 1 to post collection in firebase with document id: 1
2023-04-25 19:03:43,082 | DEBUG | sending new post to vote and recomendation micro-services with id: 1
2023-04-25 19:07:59,900 | DEBUG | Adding post with id: 1 to post collection in firebase with document id: 1
2023-04-25 19:07:59,907 | DEBUG | sending new post to vote and recomendation micro-services with id: 1
2023-04-25 19:08:02,463 | DEBUG | Adding post with id: 1 to post collection in firebase with document id: 1
2023-04-25 19:08:02,474 | DEBUG | sending new post to vote and recomendation micro-services with id: 1
2023-04-25 19:08:04,825 | DEBUG | Adding post with id: 1 to post collection in firebase with document id: 1
2023-04-25 19:08:04,832 | DEBUG | sending new post to vote and recomendation micro-services with id: 1
2023-04-25 19:08:07,361 | DEBUG | Adding post with id: 1 to post collection in firebase with document id: 1
2023-04-25 19:08:07,378 | DEBUG | sending new post to vote and recomendation micro-services with id: 1
2023-04-25 20:40:29,707 | DEBUG | Adding post with id: 1 to post collection in firebase with document id: 1
2023-04-25 20:40:29,715 | DEBUG | sending new post to vote and recomendation micro-services with id: 1
2023-04-25 20:40:32,079 | DEBUG | Adding post with id: 1 to post collection in firebase with document id: 1
2023-04-25 20:40:32,086 | DEBUG | sending new post to vote and recomendation micro-services with id: 1
2023-04-25 20:40:36,232 | DEBUG | Adding post with id: 1 to post collection in firebase with document id: 1
2023-04-25 20:40:36,240 | DEBUG | sending new post to vote and recomendation micro-services with id: 1
2023-04-25 20:40:45,598 | DEBUG | Adding post with id: 1 to post collection in firebase with document id: 1
2023-04-25 20:40:45,606 | DEBUG | sending new post to vote and recomendation micro-services with id: 1
2023-04-25 21:00:22,321 | DEBUG | Adding post with id: 1 to post collection in firebase with document id: 1
2023-04-25 21:00:22,339 | DEBUG | sending new post to vote and recomendation micro-services with id: 1
2023-04-25 21:00:24,833 | DEBUG | Adding post with id: 1 to post collection in firebase with document id: 1
2023-04-25 21:00:24,843 | DEBUG | sending new post to vote and recomendation micro-services with id: 1
2023-04-25 21:00:27,167 | DEBUG | Adding post with id: 1 to post collection in firebase with document id: 1
2023-04-25 21:00:27,174 | DEBUG | sending new post to vote and recomendation micro-services with id: 1
2023-04-25 21:00:29,582 | DEBUG | Adding post with id: 1 to post collection in firebase with document id: 1
2023-04-25 21:00:29,592 | DEBUG | sending new post to vote and recomendation micro-services with id: 1
2023-04-25 21:01:41,135 | DEBUG | Adding post with id: 1 to post collection in firebase with document id: 1
2023-04-25 21:01:41,143 | DEBUG | sending new post to vote and recomendation micro-services with id: 1
2023-04-25 21:01:43,422 | DEBUG | Adding post with id: 1 to post collection in firebase with document id: 1
2023-04-25 21:01:43,429 | DEBUG | sending new post to vote and recomendation micro-services with id: 1
2023-04-25 21:01:45,807 | DEBUG | Adding post with id: 1 to post collection in firebase with document id: 1
2023-04-25 21:01:45,856 | DEBUG | sending new post to vote and recomendation micro-services with id: 1
2023-04-25 21:01:48,278 | DEBUG | Adding post with id: 1 to post collection in firebase with document id: 1
2023-04-25 21:01:48,285 | DEBUG | sending new post to vote and recomendation micro-services with id: 1
